<?xml version="1.0" encoding="UTF-8"?>
<testsuite xmlns:xsi="http://www.w3.org/2001/XMLSchema-instance" xsi:noNamespaceSchemaLocation="https://maven.apache.org/surefire/maven-surefire-plugin/xsd/surefire-test-report.xsd" name="com.atguigu.MyTest" time="5.467" tests="2" errors="0" skipped="0" failures="0">
  <properties>
    <property name="sun.desktop" value="windows"/>
    <property name="awt.toolkit" value="sun.awt.windows.WToolkit"/>
    <property name="file.encoding.pkg" value="sun.io"/>
    <property name="java.specification.version" value="1.8"/>
    <property name="sun.cpu.isalist" value="amd64"/>
    <property name="sun.jnu.encoding" value="GBK"/>
    <property name="java.class.path" value="F:\idea_workspace\springboot-mybatis\target\test-classes;F:\idea_workspace\springboot-mybatis\target\classes;F:\mvn-repository\apache-maven-3.5.4\org\springframework\boot\spring-boot-starter-web\2.2.2.RELEASE\spring-boot-starter-web-2.2.2.RELEASE.jar;F:\mvn-repository\apache-maven-3.5.4\org\springframework\boot\spring-boot-starter\2.2.2.RELEASE\spring-boot-starter-2.2.2.RELEASE.jar;F:\mvn-repository\apache-maven-3.5.4\org\springframework\boot\spring-boot\2.2.2.RELEASE\spring-boot-2.2.2.RELEASE.jar;F:\mvn-repository\apache-maven-3.5.4\org\springframework\boot\spring-boot-autoconfigure\2.2.2.RELEASE\spring-boot-autoconfigure-2.2.2.RELEASE.jar;F:\mvn-repository\apache-maven-3.5.4\org\springframework\boot\spring-boot-starter-logging\2.2.2.RELEASE\spring-boot-starter-logging-2.2.2.RELEASE.jar;F:\mvn-repository\apache-maven-3.5.4\ch\qos\logback\logback-classic\1.2.3\logback-classic-1.2.3.jar;F:\mvn-repository\apache-maven-3.5.4\ch\qos\logback\logback-core\1.2.3\logback-core-1.2.3.jar;F:\mvn-repository\apache-maven-3.5.4\org\apache\logging\log4j\log4j-to-slf4j\2.12.1\log4j-to-slf4j-2.12.1.jar;F:\mvn-repository\apache-maven-3.5.4\org\apache\logging\log4j\log4j-api\2.12.1\log4j-api-2.12.1.jar;F:\mvn-repository\apache-maven-3.5.4\org\slf4j\jul-to-slf4j\1.7.29\jul-to-slf4j-1.7.29.jar;F:\mvn-repository\apache-maven-3.5.4\jakarta\annotation\jakarta.annotation-api\1.3.5\jakarta.annotation-api-1.3.5.jar;F:\mvn-repository\apache-maven-3.5.4\org\yaml\snakeyaml\1.25\snakeyaml-1.25.jar;F:\mvn-repository\apache-maven-3.5.4\org\springframework\boot\spring-boot-starter-json\2.2.2.RELEASE\spring-boot-starter-json-2.2.2.RELEASE.jar;F:\mvn-repository\apache-maven-3.5.4\com\fasterxml\jackson\core\jackson-databind\2.10.1\jackson-databind-2.10.1.jar;F:\mvn-repository\apache-maven-3.5.4\com\fasterxml\jackson\core\jackson-annotations\2.10.1\jackson-annotations-2.10.1.jar;F:\mvn-repository\apache-maven-3.5.4\com\fasterxml\jackson\core\jackson-core\2.10.1\jackson-core-2.10.1.jar;F:\mvn-repository\apache-maven-3.5.4\com\fasterxml\jackson\datatype\jackson-datatype-jdk8\2.10.1\jackson-datatype-jdk8-2.10.1.jar;F:\mvn-repository\apache-maven-3.5.4\com\fasterxml\jackson\datatype\jackson-datatype-jsr310\2.10.1\jackson-datatype-jsr310-2.10.1.jar;F:\mvn-repository\apache-maven-3.5.4\com\fasterxml\jackson\module\jackson-module-parameter-names\2.10.1\jackson-module-parameter-names-2.10.1.jar;F:\mvn-repository\apache-maven-3.5.4\org\springframework\boot\spring-boot-starter-tomcat\2.2.2.RELEASE\spring-boot-starter-tomcat-2.2.2.RELEASE.jar;F:\mvn-repository\apache-maven-3.5.4\org\apache\tomcat\embed\tomcat-embed-core\9.0.29\tomcat-embed-core-9.0.29.jar;F:\mvn-repository\apache-maven-3.5.4\org\apache\tomcat\embed\tomcat-embed-el\9.0.29\tomcat-embed-el-9.0.29.jar;F:\mvn-repository\apache-maven-3.5.4\org\apache\tomcat\embed\tomcat-embed-websocket\9.0.29\tomcat-embed-websocket-9.0.29.jar;F:\mvn-repository\apache-maven-3.5.4\org\springframework\boot\spring-boot-starter-validation\2.2.2.RELEASE\spring-boot-starter-validation-2.2.2.RELEASE.jar;F:\mvn-repository\apache-maven-3.5.4\jakarta\validation\jakarta.validation-api\2.0.1\jakarta.validation-api-2.0.1.jar;F:\mvn-repository\apache-maven-3.5.4\org\hibernate\validator\hibernate-validator\6.0.18.Final\hibernate-validator-6.0.18.Final.jar;F:\mvn-repository\apache-maven-3.5.4\org\jboss\logging\jboss-logging\3.4.1.Final\jboss-logging-3.4.1.Final.jar;F:\mvn-repository\apache-maven-3.5.4\com\fasterxml\classmate\1.5.1\classmate-1.5.1.jar;F:\mvn-repository\apache-maven-3.5.4\org\springframework\spring-web\5.2.2.RELEASE\spring-web-5.2.2.RELEASE.jar;F:\mvn-repository\apache-maven-3.5.4\org\springframework\spring-beans\5.2.2.RELEASE\spring-beans-5.2.2.RELEASE.jar;F:\mvn-repository\apache-maven-3.5.4\org\springframework\spring-webmvc\5.2.2.RELEASE\spring-webmvc-5.2.2.RELEASE.jar;F:\mvn-repository\apache-maven-3.5.4\org\springframework\spring-aop\5.2.2.RELEASE\spring-aop-5.2.2.RELEASE.jar;F:\mvn-repository\apache-maven-3.5.4\org\springframework\spring-context\5.2.2.RELEASE\spring-context-5.2.2.RELEASE.jar;F:\mvn-repository\apache-maven-3.5.4\org\springframework\spring-expression\5.2.2.RELEASE\spring-expression-5.2.2.RELEASE.jar;F:\mvn-repository\apache-maven-3.5.4\org\springframework\boot\spring-boot-starter-test\2.2.2.RELEASE\spring-boot-starter-test-2.2.2.RELEASE.jar;F:\mvn-repository\apache-maven-3.5.4\org\springframework\boot\spring-boot-test\2.2.2.RELEASE\spring-boot-test-2.2.2.RELEASE.jar;F:\mvn-repository\apache-maven-3.5.4\org\springframework\boot\spring-boot-test-autoconfigure\2.2.2.RELEASE\spring-boot-test-autoconfigure-2.2.2.RELEASE.jar;F:\mvn-repository\apache-maven-3.5.4\com\jayway\jsonpath\json-path\2.4.0\json-path-2.4.0.jar;F:\mvn-repository\apache-maven-3.5.4\net\minidev\json-smart\2.3\json-smart-2.3.jar;F:\mvn-repository\apache-maven-3.5.4\net\minidev\accessors-smart\1.2\accessors-smart-1.2.jar;F:\mvn-repository\apache-maven-3.5.4\org\ow2\asm\asm\5.0.4\asm-5.0.4.jar;F:\mvn-repository\apache-maven-3.5.4\org\slf4j\slf4j-api\1.7.29\slf4j-api-1.7.29.jar;F:\mvn-repository\apache-maven-3.5.4\jakarta\xml\bind\jakarta.xml.bind-api\2.3.2\jakarta.xml.bind-api-2.3.2.jar;F:\mvn-repository\apache-maven-3.5.4\jakarta\activation\jakarta.activation-api\1.2.1\jakarta.activation-api-1.2.1.jar;F:\mvn-repository\apache-maven-3.5.4\org\junit\jupiter\junit-jupiter\5.5.2\junit-jupiter-5.5.2.jar;F:\mvn-repository\apache-maven-3.5.4\org\junit\jupiter\junit-jupiter-api\5.5.2\junit-jupiter-api-5.5.2.jar;F:\mvn-repository\apache-maven-3.5.4\org\opentest4j\opentest4j\1.2.0\opentest4j-1.2.0.jar;F:\mvn-repository\apache-maven-3.5.4\org\junit\platform\junit-platform-commons\1.5.2\junit-platform-commons-1.5.2.jar;F:\mvn-repository\apache-maven-3.5.4\org\junit\jupiter\junit-jupiter-params\5.5.2\junit-jupiter-params-5.5.2.jar;F:\mvn-repository\apache-maven-3.5.4\org\junit\jupiter\junit-jupiter-engine\5.5.2\junit-jupiter-engine-5.5.2.jar;F:\mvn-repository\apache-maven-3.5.4\org\junit\vintage\junit-vintage-engine\5.5.2\junit-vintage-engine-5.5.2.jar;F:\mvn-repository\apache-maven-3.5.4\org\apiguardian\apiguardian-api\1.1.0\apiguardian-api-1.1.0.jar;F:\mvn-repository\apache-maven-3.5.4\org\junit\platform\junit-platform-engine\1.5.2\junit-platform-engine-1.5.2.jar;F:\mvn-repository\apache-maven-3.5.4\junit\junit\4.12\junit-4.12.jar;F:\mvn-repository\apache-maven-3.5.4\org\mockito\mockito-junit-jupiter\3.1.0\mockito-junit-jupiter-3.1.0.jar;F:\mvn-repository\apache-maven-3.5.4\org\assertj\assertj-core\3.13.2\assertj-core-3.13.2.jar;F:\mvn-repository\apache-maven-3.5.4\org\hamcrest\hamcrest\2.1\hamcrest-2.1.jar;F:\mvn-repository\apache-maven-3.5.4\org\mockito\mockito-core\3.1.0\mockito-core-3.1.0.jar;F:\mvn-repository\apache-maven-3.5.4\net\bytebuddy\byte-buddy\1.10.4\byte-buddy-1.10.4.jar;F:\mvn-repository\apache-maven-3.5.4\net\bytebuddy\byte-buddy-agent\1.10.4\byte-buddy-agent-1.10.4.jar;F:\mvn-repository\apache-maven-3.5.4\org\objenesis\objenesis\2.6\objenesis-2.6.jar;F:\mvn-repository\apache-maven-3.5.4\org\skyscreamer\jsonassert\1.5.0\jsonassert-1.5.0.jar;F:\mvn-repository\apache-maven-3.5.4\com\vaadin\external\google\android-json\0.0.20131108.vaadin1\android-json-0.0.20131108.vaadin1.jar;F:\mvn-repository\apache-maven-3.5.4\org\springframework\spring-core\5.2.2.RELEASE\spring-core-5.2.2.RELEASE.jar;F:\mvn-repository\apache-maven-3.5.4\org\springframework\spring-jcl\5.2.2.RELEASE\spring-jcl-5.2.2.RELEASE.jar;F:\mvn-repository\apache-maven-3.5.4\org\springframework\spring-test\5.2.2.RELEASE\spring-test-5.2.2.RELEASE.jar;F:\mvn-repository\apache-maven-3.5.4\org\xmlunit\xmlunit-core\2.6.3\xmlunit-core-2.6.3.jar;F:\mvn-repository\apache-maven-3.5.4\org\mybatis\spring\boot\mybatis-spring-boot-starter\1.1.1\mybatis-spring-boot-starter-1.1.1.jar;F:\mvn-repository\apache-maven-3.5.4\org\mybatis\spring\boot\mybatis-spring-boot-autoconfigure\1.1.1\mybatis-spring-boot-autoconfigure-1.1.1.jar;F:\mvn-repository\apache-maven-3.5.4\org\mybatis\mybatis\3.4.0\mybatis-3.4.0.jar;F:\mvn-repository\apache-maven-3.5.4\org\mybatis\mybatis-spring\1.3.0\mybatis-spring-1.3.0.jar;F:\mvn-repository\apache-maven-3.5.4\org\springframework\boot\spring-boot-starter-jdbc\2.2.2.RELEASE\spring-boot-starter-jdbc-2.2.2.RELEASE.jar;F:\mvn-repository\apache-maven-3.5.4\com\zaxxer\HikariCP\3.4.1\HikariCP-3.4.1.jar;F:\mvn-repository\apache-maven-3.5.4\org\springframework\spring-jdbc\5.2.2.RELEASE\spring-jdbc-5.2.2.RELEASE.jar;F:\mvn-repository\apache-maven-3.5.4\org\springframework\spring-tx\5.2.2.RELEASE\spring-tx-5.2.2.RELEASE.jar;F:\mvn-repository\apache-maven-3.5.4\mysql\mysql-connector-java\8.0.18\mysql-connector-java-8.0.18.jar;F:\mvn-repository\apache-maven-3.5.4\com\alibaba\druid\1.1.12\druid-1.1.12.jar;"/>
    <property name="java.vm.vendor" value="Oracle Corporation"/>
    <property name="sun.arch.data.model" value="64"/>
    <property name="user.variant" value=""/>
    <property name="java.vendor.url" value="http://java.oracle.com/"/>
    <property name="user.timezone" value="Asia/Shanghai"/>
    <property name="java.vm.specification.version" value="1.8"/>
    <property name="os.name" value="Windows 10"/>
    <property name="user.country" value="CN"/>
    <property name="sun.java.launcher" value="SUN_STANDARD"/>
    <property name="sun.boot.library.path" value="F:\Java\jdk1.8.0_131\jre\bin"/>
    <property name="sun.java.command" value="C:\Users\吕少伟\AppData\Local\Temp\surefire7008295588449953881\surefirebooter7218176927992692794.jar C:\Users\吕少伟\AppData\Local\Temp\surefire7008295588449953881 2020-09-03T09-40-41_684-jvmRun1 surefire4825647949210799031tmp surefire_06628416037467365757tmp"/>
    <property name="surefire.test.class.path" value="F:\idea_workspace\springboot-mybatis\target\test-classes;F:\idea_workspace\springboot-mybatis\target\classes;F:\mvn-repository\apache-maven-3.5.4\org\springframework\boot\spring-boot-starter-web\2.2.2.RELEASE\spring-boot-starter-web-2.2.2.RELEASE.jar;F:\mvn-repository\apache-maven-3.5.4\org\springframework\boot\spring-boot-starter\2.2.2.RELEASE\spring-boot-starter-2.2.2.RELEASE.jar;F:\mvn-repository\apache-maven-3.5.4\org\springframework\boot\spring-boot\2.2.2.RELEASE\spring-boot-2.2.2.RELEASE.jar;F:\mvn-repository\apache-maven-3.5.4\org\springframework\boot\spring-boot-autoconfigure\2.2.2.RELEASE\spring-boot-autoconfigure-2.2.2.RELEASE.jar;F:\mvn-repository\apache-maven-3.5.4\org\springframework\boot\spring-boot-starter-logging\2.2.2.RELEASE\spring-boot-starter-logging-2.2.2.RELEASE.jar;F:\mvn-repository\apache-maven-3.5.4\ch\qos\logback\logback-classic\1.2.3\logback-classic-1.2.3.jar;F:\mvn-repository\apache-maven-3.5.4\ch\qos\logback\logback-core\1.2.3\logback-core-1.2.3.jar;F:\mvn-repository\apache-maven-3.5.4\org\apache\logging\log4j\log4j-to-slf4j\2.12.1\log4j-to-slf4j-2.12.1.jar;F:\mvn-repository\apache-maven-3.5.4\org\apache\logging\log4j\log4j-api\2.12.1\log4j-api-2.12.1.jar;F:\mvn-repository\apache-maven-3.5.4\org\slf4j\jul-to-slf4j\1.7.29\jul-to-slf4j-1.7.29.jar;F:\mvn-repository\apache-maven-3.5.4\jakarta\annotation\jakarta.annotation-api\1.3.5\jakarta.annotation-api-1.3.5.jar;F:\mvn-repository\apache-maven-3.5.4\org\yaml\snakeyaml\1.25\snakeyaml-1.25.jar;F:\mvn-repository\apache-maven-3.5.4\org\springframework\boot\spring-boot-starter-json\2.2.2.RELEASE\spring-boot-starter-json-2.2.2.RELEASE.jar;F:\mvn-repository\apache-maven-3.5.4\com\fasterxml\jackson\core\jackson-databind\2.10.1\jackson-databind-2.10.1.jar;F:\mvn-repository\apache-maven-3.5.4\com\fasterxml\jackson\core\jackson-annotations\2.10.1\jackson-annotations-2.10.1.jar;F:\mvn-repository\apache-maven-3.5.4\com\fasterxml\jackson\core\jackson-core\2.10.1\jackson-core-2.10.1.jar;F:\mvn-repository\apache-maven-3.5.4\com\fasterxml\jackson\datatype\jackson-datatype-jdk8\2.10.1\jackson-datatype-jdk8-2.10.1.jar;F:\mvn-repository\apache-maven-3.5.4\com\fasterxml\jackson\datatype\jackson-datatype-jsr310\2.10.1\jackson-datatype-jsr310-2.10.1.jar;F:\mvn-repository\apache-maven-3.5.4\com\fasterxml\jackson\module\jackson-module-parameter-names\2.10.1\jackson-module-parameter-names-2.10.1.jar;F:\mvn-repository\apache-maven-3.5.4\org\springframework\boot\spring-boot-starter-tomcat\2.2.2.RELEASE\spring-boot-starter-tomcat-2.2.2.RELEASE.jar;F:\mvn-repository\apache-maven-3.5.4\org\apache\tomcat\embed\tomcat-embed-core\9.0.29\tomcat-embed-core-9.0.29.jar;F:\mvn-repository\apache-maven-3.5.4\org\apache\tomcat\embed\tomcat-embed-el\9.0.29\tomcat-embed-el-9.0.29.jar;F:\mvn-repository\apache-maven-3.5.4\org\apache\tomcat\embed\tomcat-embed-websocket\9.0.29\tomcat-embed-websocket-9.0.29.jar;F:\mvn-repository\apache-maven-3.5.4\org\springframework\boot\spring-boot-starter-validation\2.2.2.RELEASE\spring-boot-starter-validation-2.2.2.RELEASE.jar;F:\mvn-repository\apache-maven-3.5.4\jakarta\validation\jakarta.validation-api\2.0.1\jakarta.validation-api-2.0.1.jar;F:\mvn-repository\apache-maven-3.5.4\org\hibernate\validator\hibernate-validator\6.0.18.Final\hibernate-validator-6.0.18.Final.jar;F:\mvn-repository\apache-maven-3.5.4\org\jboss\logging\jboss-logging\3.4.1.Final\jboss-logging-3.4.1.Final.jar;F:\mvn-repository\apache-maven-3.5.4\com\fasterxml\classmate\1.5.1\classmate-1.5.1.jar;F:\mvn-repository\apache-maven-3.5.4\org\springframework\spring-web\5.2.2.RELEASE\spring-web-5.2.2.RELEASE.jar;F:\mvn-repository\apache-maven-3.5.4\org\springframework\spring-beans\5.2.2.RELEASE\spring-beans-5.2.2.RELEASE.jar;F:\mvn-repository\apache-maven-3.5.4\org\springframework\spring-webmvc\5.2.2.RELEASE\spring-webmvc-5.2.2.RELEASE.jar;F:\mvn-repository\apache-maven-3.5.4\org\springframework\spring-aop\5.2.2.RELEASE\spring-aop-5.2.2.RELEASE.jar;F:\mvn-repository\apache-maven-3.5.4\org\springframework\spring-context\5.2.2.RELEASE\spring-context-5.2.2.RELEASE.jar;F:\mvn-repository\apache-maven-3.5.4\org\springframework\spring-expression\5.2.2.RELEASE\spring-expression-5.2.2.RELEASE.jar;F:\mvn-repository\apache-maven-3.5.4\org\springframework\boot\spring-boot-starter-test\2.2.2.RELEASE\spring-boot-starter-test-2.2.2.RELEASE.jar;F:\mvn-repository\apache-maven-3.5.4\org\springframework\boot\spring-boot-test\2.2.2.RELEASE\spring-boot-test-2.2.2.RELEASE.jar;F:\mvn-repository\apache-maven-3.5.4\org\springframework\boot\spring-boot-test-autoconfigure\2.2.2.RELEASE\spring-boot-test-autoconfigure-2.2.2.RELEASE.jar;F:\mvn-repository\apache-maven-3.5.4\com\jayway\jsonpath\json-path\2.4.0\json-path-2.4.0.jar;F:\mvn-repository\apache-maven-3.5.4\net\minidev\json-smart\2.3\json-smart-2.3.jar;F:\mvn-repository\apache-maven-3.5.4\net\minidev\accessors-smart\1.2\accessors-smart-1.2.jar;F:\mvn-repository\apache-maven-3.5.4\org\ow2\asm\asm\5.0.4\asm-5.0.4.jar;F:\mvn-repository\apache-maven-3.5.4\org\slf4j\slf4j-api\1.7.29\slf4j-api-1.7.29.jar;F:\mvn-repository\apache-maven-3.5.4\jakarta\xml\bind\jakarta.xml.bind-api\2.3.2\jakarta.xml.bind-api-2.3.2.jar;F:\mvn-repository\apache-maven-3.5.4\jakarta\activation\jakarta.activation-api\1.2.1\jakarta.activation-api-1.2.1.jar;F:\mvn-repository\apache-maven-3.5.4\org\junit\jupiter\junit-jupiter\5.5.2\junit-jupiter-5.5.2.jar;F:\mvn-repository\apache-maven-3.5.4\org\junit\jupiter\junit-jupiter-api\5.5.2\junit-jupiter-api-5.5.2.jar;F:\mvn-repository\apache-maven-3.5.4\org\opentest4j\opentest4j\1.2.0\opentest4j-1.2.0.jar;F:\mvn-repository\apache-maven-3.5.4\org\junit\platform\junit-platform-commons\1.5.2\junit-platform-commons-1.5.2.jar;F:\mvn-repository\apache-maven-3.5.4\org\junit\jupiter\junit-jupiter-params\5.5.2\junit-jupiter-params-5.5.2.jar;F:\mvn-repository\apache-maven-3.5.4\org\junit\jupiter\junit-jupiter-engine\5.5.2\junit-jupiter-engine-5.5.2.jar;F:\mvn-repository\apache-maven-3.5.4\org\junit\vintage\junit-vintage-engine\5.5.2\junit-vintage-engine-5.5.2.jar;F:\mvn-repository\apache-maven-3.5.4\org\apiguardian\apiguardian-api\1.1.0\apiguardian-api-1.1.0.jar;F:\mvn-repository\apache-maven-3.5.4\org\junit\platform\junit-platform-engine\1.5.2\junit-platform-engine-1.5.2.jar;F:\mvn-repository\apache-maven-3.5.4\junit\junit\4.12\junit-4.12.jar;F:\mvn-repository\apache-maven-3.5.4\org\mockito\mockito-junit-jupiter\3.1.0\mockito-junit-jupiter-3.1.0.jar;F:\mvn-repository\apache-maven-3.5.4\org\assertj\assertj-core\3.13.2\assertj-core-3.13.2.jar;F:\mvn-repository\apache-maven-3.5.4\org\hamcrest\hamcrest\2.1\hamcrest-2.1.jar;F:\mvn-repository\apache-maven-3.5.4\org\mockito\mockito-core\3.1.0\mockito-core-3.1.0.jar;F:\mvn-repository\apache-maven-3.5.4\net\bytebuddy\byte-buddy\1.10.4\byte-buddy-1.10.4.jar;F:\mvn-repository\apache-maven-3.5.4\net\bytebuddy\byte-buddy-agent\1.10.4\byte-buddy-agent-1.10.4.jar;F:\mvn-repository\apache-maven-3.5.4\org\objenesis\objenesis\2.6\objenesis-2.6.jar;F:\mvn-repository\apache-maven-3.5.4\org\skyscreamer\jsonassert\1.5.0\jsonassert-1.5.0.jar;F:\mvn-repository\apache-maven-3.5.4\com\vaadin\external\google\android-json\0.0.20131108.vaadin1\android-json-0.0.20131108.vaadin1.jar;F:\mvn-repository\apache-maven-3.5.4\org\springframework\spring-core\5.2.2.RELEASE\spring-core-5.2.2.RELEASE.jar;F:\mvn-repository\apache-maven-3.5.4\org\springframework\spring-jcl\5.2.2.RELEASE\spring-jcl-5.2.2.RELEASE.jar;F:\mvn-repository\apache-maven-3.5.4\org\springframework\spring-test\5.2.2.RELEASE\spring-test-5.2.2.RELEASE.jar;F:\mvn-repository\apache-maven-3.5.4\org\xmlunit\xmlunit-core\2.6.3\xmlunit-core-2.6.3.jar;F:\mvn-repository\apache-maven-3.5.4\org\mybatis\spring\boot\mybatis-spring-boot-starter\1.1.1\mybatis-spring-boot-starter-1.1.1.jar;F:\mvn-repository\apache-maven-3.5.4\org\mybatis\spring\boot\mybatis-spring-boot-autoconfigure\1.1.1\mybatis-spring-boot-autoconfigure-1.1.1.jar;F:\mvn-repository\apache-maven-3.5.4\org\mybatis\mybatis\3.4.0\mybatis-3.4.0.jar;F:\mvn-repository\apache-maven-3.5.4\org\mybatis\mybatis-spring\1.3.0\mybatis-spring-1.3.0.jar;F:\mvn-repository\apache-maven-3.5.4\org\springframework\boot\spring-boot-starter-jdbc\2.2.2.RELEASE\spring-boot-starter-jdbc-2.2.2.RELEASE.jar;F:\mvn-repository\apache-maven-3.5.4\com\zaxxer\HikariCP\3.4.1\HikariCP-3.4.1.jar;F:\mvn-repository\apache-maven-3.5.4\org\springframework\spring-jdbc\5.2.2.RELEASE\spring-jdbc-5.2.2.RELEASE.jar;F:\mvn-repository\apache-maven-3.5.4\org\springframework\spring-tx\5.2.2.RELEASE\spring-tx-5.2.2.RELEASE.jar;F:\mvn-repository\apache-maven-3.5.4\mysql\mysql-connector-java\8.0.18\mysql-connector-java-8.0.18.jar;F:\mvn-repository\apache-maven-3.5.4\com\alibaba\druid\1.1.12\druid-1.1.12.jar;"/>
    <property name="sun.cpu.endian" value="little"/>
    <property name="user.home" value="C:\Users\吕少伟"/>
    <property name="user.language" value="zh"/>
    <property name="java.specification.vendor" value="Oracle Corporation"/>
    <property name="java.home" value="F:\Java\jdk1.8.0_131\jre"/>
    <property name="basedir" value="F:\idea_workspace\springboot-mybatis"/>
    <property name="file.separator" value="\"/>
    <property name="line.separator" value="&#10;"/>
    <property name="java.vm.specification.vendor" value="Oracle Corporation"/>
    <property name="java.specification.name" value="Java Platform API Specification"/>
    <property name="java.awt.graphicsenv" value="sun.awt.Win32GraphicsEnvironment"/>
    <property name="idea.version2020.1.1" value="true"/>
    <property name="surefire.real.class.path" value="C:\Users\吕少伟\AppData\Local\Temp\surefire7008295588449953881\surefirebooter7218176927992692794.jar"/>
    <property name="sun.boot.class.path" value="F:\Java\jdk1.8.0_131\jre\lib\resources.jar;F:\Java\jdk1.8.0_131\jre\lib\rt.jar;F:\Java\jdk1.8.0_131\jre\lib\sunrsasign.jar;F:\Java\jdk1.8.0_131\jre\lib\jsse.jar;F:\Java\jdk1.8.0_131\jre\lib\jce.jar;F:\Java\jdk1.8.0_131\jre\lib\charsets.jar;F:\Java\jdk1.8.0_131\jre\lib\jfr.jar;F:\Java\jdk1.8.0_131\jre\classes"/>
    <property name="user.script" value=""/>
    <property name="sun.management.compiler" value="HotSpot 64-Bit Tiered Compilers"/>
    <property name="java.runtime.version" value="1.8.0_131-b11"/>
    <property name="user.name" value="吕少伟"/>
    <property name="path.separator" value=";"/>
    <property name="os.version" value="10.0"/>
    <property name="java.endorsed.dirs" value="F:\Java\jdk1.8.0_131\jre\lib\endorsed"/>
    <property name="java.runtime.name" value="Java(TM) SE Runtime Environment"/>
    <property name="file.encoding" value="GBK"/>
    <property name="java.vm.name" value="Java HotSpot(TM) 64-Bit Server VM"/>
    <property name="localRepository" value="F:\mvn-repository\apache-maven-3.5.4"/>
    <property name="java.vendor.url.bug" value="http://bugreport.sun.com/bugreport/"/>
    <property name="java.io.tmpdir" value="C:\Users\吕少伟\AppData\Local\Temp\"/>
    <property name="java.version" value="1.8.0_131"/>
    <property name="user.dir" value="F:\idea_workspace\springboot-mybatis"/>
    <property name="os.arch" value="amd64"/>
    <property name="java.vm.specification.name" value="Java Virtual Machine Specification"/>
    <property name="java.awt.printerjob" value="sun.awt.windows.WPrinterJob"/>
    <property name="sun.os.patch.level" value=""/>
    <property name="java.library.path" value="F:\Java\jdk1.8.0_131\jre\bin;C:\WINDOWS\Sun\Java\bin;C:\WINDOWS\system32;C:\WINDOWS;C:\ProgramData\Oracle\Java\javapath;C:\Windows\system32;C:\Windows;C:\Windows\System32\Wbem;C:\Windows\System32\WindowsPowerShell\v1.0\;C:\Program Files (x86)\NVIDIA Corporation\PhysX\Common;C:\WINDOWS\system32;C:\WINDOWS;C:\WINDOWS\System32\Wbem;C:\WINDOWS\System32\WindowsPowerShell\v1.0\;C:\WINDOWS\System32\OpenSSH\;C:\Program Files\Intel\Intel(R) Management Engine Components\DAL;C:\Program Files (x86)\Intel\Intel(R) Management Engine Components\DAL;D:\Program Files\Intel\Intel(R) Management Engine Components\DAL;F:\Java\apache-maven-3.6.0\bin;F:\Java\jdk1.8.0_131\bin;C:\Users\吕少伟\AppData\Local\Microsoft\WindowsApps;;."/>
    <property name="java.vm.info" value="mixed mode"/>
    <property name="java.vendor" value="Oracle Corporation"/>
    <property name="java.vm.version" value="25.131-b11"/>
    <property name="java.ext.dirs" value="F:\Java\jdk1.8.0_131\jre\lib\ext;C:\WINDOWS\Sun\Java\lib\ext"/>
    <property name="sun.io.unicode.encoding" value="UnicodeLittle"/>
    <property name="maven.repo.local" value="F:\mvn-repository\apache-maven-3.5.4"/>
    <property name="java.class.version" value="52.0"/>
  </properties>
  <testcase name="testFindAll" classname="com.atguigu.MyTest" time="2.118"/>
  <testcase name="testDataSource" classname="com.atguigu.MyTest" time="0.001"/>
</testsuite>